<?xml version="1.0" encoding="UTF-8"?>
<!-- Generated by org.testng.reporters.JUnitReportReporter -->
<testsuite hostname="MSI" failures="0" tests="3" name="LoginPage" time="9.854" errors="0" timestamp="2024-09-11T23:51:11 IST" skipped="0">
  <testcase classname="LoginPage" name="testSuccessfulLogin" time="4.178"/>
  <system-out/>
  <testcase classname="LoginPage" name="testSpecialCharacters" time="2.890"/>
  <system-out/>
  <testcase classname="LoginPage" name="testUnsuccessfulLogin" time="2.786"/>
  <system-out/>
</testsuite> <!-- LoginPage -->
